<?xml version="1.0" encoding="UTF-8"?>
<!-- Generated by org.testng.reporters.JUnitXMLReporter -->
<testsuite hostname="Dnis-352" name="Test" tests="1" failures="0" timestamp="19 Jan 2023 03:10:27 GMT" time="58.4" errors="0">
  <testcase name="@AfterMethod close" time="0.0" classname="asai.ui.runners.ASAIRunner">
    <failure type="java.lang.AssertionError" message="The following asserts failed:
Solutions Section &amp;gt; IR Services is not displayed expected [true] but found [false], Solutions Section &amp;gt; IR Services image is not displayed expected [true] but found [false], Solutions Section &amp;gt; Data Feeds is not displayed expected [true] but found [false], Solutions Section &amp;gt; Data Feeds image is not displayed expected [true] but found [false], Solutions Section &amp;gt; Expert Interviews is not displayed expected [true] but found [false], Solutions Section &amp;gt; Expert Interviews image is not displayed expected [true] but found [false], ASAI logo is not displayed expected [true] but found [false], Notification Icon is not displayed expected [true] but found [false], Profile Icon is not displayed expected [true] but found [false], Collapse Icon is not displayed expected [true] but found [false] expected [true] but found [false]">
      <![CDATA[java.lang.AssertionError: The following asserts failed:
Solutions Section > IR Services is not displayed expected [true] but found [false], Solutions Section > IR Services image is not displayed expected [true] but found [false], Solutions Section > Data Feeds is not displayed expected [true] but found [false], Solutions Section > Data Feeds image is not displayed expected [true] but found [false], Solutions Section > Expert Interviews is not displayed expected [true] but found [false], Solutions Section > Expert Interviews image is not displayed expected [true] but found [false], ASAI logo is not displayed expected [true] but found [false], Notification Icon is not displayed expected [true] but found [false], Profile Icon is not displayed expected [true] but found [false], Collapse Icon is not displayed expected [true] but found [false] expected [true] but found [false]
	at framework.WebDriverHelper.close_the_browser(WebDriverHelper.java:64)
	at asai.ui.runners.ASAIRunner.close(ASAIRunner.java:33)
	at java.util.concurrent.FutureTask.run(Unknown Source)
	at java.util.concurrent.Executors$RunnableAdapter.call(Unknown Source)
	at java.util.concurrent.FutureTask.run(Unknown Source)
	at java.util.concurrent.ThreadPoolExecutor.runWorker(Unknown Source)
	at java.util.concurrent.ThreadPoolExecutor$Worker.run(Unknown Source)
	at java.lang.Thread.run(Unknown Source)
... Removed 14 stack frames]]>
    </failure>
  </testcase> <!-- @AfterMethod close -->
  <testcase name="runScenario" time="27.343" classname="asai.ui.runners.ASAIRunner"/>
</testsuite> <!-- Test -->
